TN:
SF:src\api\boardGamesApi.ts
FNF:0
FNH:0
DA:1,1
DA:2,1
DA:3,1
DA:4,1
DA:5,1
DA:6,1
DA:7,1
DA:8,1
DA:9,1
LF:9
LH:9
BRF:0
BRH:0
end_of_record
TN:
SF:src\hooks\useAuthStore.ts
FN:16,useAuthStore
FN:25,onHandleLoginUser
FN:53,onHandleRegisterUser
FN:83,onHandleResetAuth
FNF:4
FNH:3
FNDA:18,useAuthStore
FNDA:2,onHandleLoginUser
FNDA:2,onHandleRegisterUser
FNDA:0,onHandleResetAuth
DA:1,1
DA:2,1
DA:3,1
DA:4,1
DA:5,1
DA:6,1
DA:7,1
DA:8,1
DA:9,1
DA:10,1
DA:11,1
DA:12,1
DA:13,1
DA:14,1
DA:15,1
DA:16,1
DA:17,18
DA:18,18
DA:19,18
DA:20,18
DA:21,18
DA:22,18
DA:23,18
DA:24,18
DA:25,18
DA:26,2
DA:27,2
DA:28,2
DA:29,2
DA:30,2
DA:31,2
DA:32,2
DA:33,2
DA:34,1
DA:35,1
DA:36,1
DA:37,1
DA:38,1
DA:39,1
DA:40,1
DA:41,1
DA:42,1
DA:43,1
DA:44,1
DA:45,1
DA:46,1
DA:47,1
DA:48,1
DA:49,1
DA:50,2
DA:51,2
DA:52,18
DA:53,18
DA:54,2
DA:55,2
DA:56,2
DA:57,2
DA:58,2
DA:59,2
DA:60,2
DA:61,2
DA:62,1
DA:63,1
DA:64,1
DA:65,1
DA:66,1
DA:67,1
DA:68,1
DA:69,1
DA:70,1
DA:71,1
DA:72,1
DA:73,1
DA:74,1
DA:75,1
DA:76,1
DA:77,1
DA:78,1
DA:79,1
DA:80,2
DA:81,2
DA:82,18
DA:83,18
DA:84,0
DA:85,0
DA:86,18
DA:87,18
DA:88,18
DA:89,18
DA:90,18
DA:91,18
DA:92,18
DA:93,18
DA:94,18
DA:95,18
DA:96,18
DA:97,18
DA:98,18
DA:99,18
LF:99
LH:97
BRDA:16,0,0,18
BRDA:19,1,0,37
BRDA:25,2,0,2
BRDA:34,3,0,1
BRDA:53,4,0,2
BRDA:62,5,0,1
BRF:6
BRH:6
end_of_record
TN:
SF:src\hooks\useBoardGameStore.ts
FN:19,useBoardGameStore
FN:33,onHandleSendDataModelAI
FN:51,onHandleAddResponseChatAI
FN:57,onHandleResetBoardGames
FN:61,onHandleLoadRecommendations
FN:65,onHandleSaveRecommendation
FNF:6
FNH:2
FNDA:18,useBoardGameStore
FNDA:0,onHandleSendDataModelAI
FNDA:0,onHandleAddResponseChatAI
FNDA:0,onHandleResetBoardGames
FNDA:1,onHandleLoadRecommendations
FNDA:0,onHandleSaveRecommendation
DA:1,1
DA:2,1
DA:3,1
DA:4,1
DA:5,1
DA:6,1
DA:7,1
DA:8,1
DA:9,1
DA:10,1
DA:11,1
DA:12,1
DA:13,1
DA:14,1
DA:15,1
DA:16,1
DA:17,1
DA:18,1
DA:19,1
DA:20,18
DA:21,18
DA:22,18
DA:23,18
DA:24,18
DA:25,18
DA:26,18
DA:27,18
DA:28,18
DA:29,18
DA:30,18
DA:31,18
DA:32,18
DA:33,18
DA:34,0
DA:35,0
DA:36,0
DA:37,0
DA:38,0
DA:39,0
DA:40,0
DA:41,0
DA:42,0
DA:43,0
DA:44,0
DA:45,0
DA:46,0
DA:47,0
DA:48,0
DA:49,0
DA:50,18
DA:51,18
DA:52,0
DA:53,0
DA:54,0
DA:55,0
DA:56,18
DA:57,18
DA:58,0
DA:59,0
DA:60,18
DA:61,18
DA:62,1
DA:63,1
DA:64,18
DA:65,18
DA:66,0
DA:67,0
DA:68,0
DA:69,0
DA:70,0
DA:71,0
DA:72,0
DA:73,0
DA:74,0
DA:75,0
DA:76,0
DA:77,0
DA:78,0
DA:79,0
DA:80,0
DA:81,0
DA:82,18
DA:83,18
DA:84,18
DA:85,18
DA:86,18
DA:87,18
DA:88,18
DA:89,18
DA:90,18
DA:91,18
DA:92,18
DA:93,18
DA:94,18
DA:95,18
DA:96,18
DA:97,18
DA:98,18
DA:99,18
LF:99
LH:61
BRDA:19,0,0,18
BRDA:28,1,0,39
BRDA:61,2,0,1
BRF:3
BRH:3
end_of_record
TN:
SF:src\hooks\useForm.ts
FN:3,useForm
FN:9,onInputChange
FN:14,onInputChangeSelect
FN:19,onInputReset
FNF:4
FNH:3
FNDA:5,useForm
FNDA:2,onInputChange
FNDA:0,onInputChangeSelect
FNDA:1,onInputReset
DA:1,1
DA:2,1
DA:3,1
DA:4,5
DA:5,5
DA:6,5
DA:7,5
DA:8,5
DA:9,5
DA:10,2
DA:11,2
DA:12,2
DA:13,5
DA:14,5
DA:15,0
DA:16,0
DA:17,0
DA:18,5
DA:19,5
DA:20,1
DA:21,1
DA:22,5
DA:23,5
DA:24,5
DA:25,5
DA:26,5
DA:27,5
DA:28,5
DA:29,5
DA:30,5
DA:31,5
DA:32,5
DA:33,5
LF:33
LH:30
BRDA:3,0,0,5
BRDA:9,1,0,2
BRDA:19,2,0,1
BRF:3
BRH:3
end_of_record
TN:
SF:src\store\slices\auth\authSlice.ts
FN:14,onChecking
FN:17,onLogin
FN:22,onLogout
FN:27,onResetAuth
FNF:4
FNH:3
FNDA:5,onChecking
FNDA:3,onLogin
FNDA:3,onLogout
FNDA:0,onResetAuth
DA:1,1
DA:2,1
DA:3,1
DA:4,1
DA:5,1
DA:6,1
DA:7,1
DA:8,1
DA:9,1
DA:10,1
DA:11,1
DA:12,1
DA:13,1
DA:14,1
DA:15,5
DA:16,1
DA:17,1
DA:18,3
DA:19,3
DA:20,3
DA:21,1
DA:22,1
DA:23,3
DA:24,3
DA:25,3
DA:26,1
DA:27,1
DA:28,0
DA:29,0
DA:30,0
DA:31,0
DA:32,1
DA:33,1
DA:34,1
DA:35,1
DA:36,1
DA:37,1
DA:38,1
DA:39,1
DA:40,1
LF:40
LH:36
BRDA:14,0,0,5
BRDA:17,1,0,3
BRDA:22,2,0,3
BRF:3
BRH:3
end_of_record
TN:
SF:src\store\slices\boardGames\boardGameSlice.ts
FN:18,onLoadingBoardGames
FN:21,onUpdateContentChat
FN:25,onLoadRecommendations
FN:29,onResetBoardGameSlice
FN:36,onErrorBoardGame
FNF:5
FNH:1
FNDA:0,onLoadingBoardGames
FNDA:0,onUpdateContentChat
FNDA:1,onLoadRecommendations
FNDA:0,onResetBoardGameSlice
FNDA:0,onErrorBoardGame
DA:1,1
DA:2,1
DA:3,1
DA:4,1
DA:5,1
DA:6,1
DA:7,1
DA:8,1
DA:9,1
DA:10,1
DA:11,1
DA:12,1
DA:13,1
DA:14,1
DA:15,1
DA:16,1
DA:17,1
DA:18,1
DA:19,0
DA:20,1
DA:21,1
DA:22,0
DA:23,0
DA:24,1
DA:25,1
DA:26,1
DA:27,1
DA:28,1
DA:29,1
DA:30,0
DA:31,0
DA:32,0
DA:33,0
DA:34,0
DA:35,1
DA:36,1
DA:37,0
DA:38,0
DA:39,1
DA:40,1
DA:41,1
DA:42,1
DA:43,1
DA:44,1
DA:45,1
DA:46,1
DA:47,1
DA:48,1
LF:48
LH:38
BRDA:25,0,0,1
BRF:1
BRH:1
end_of_record
TN:
SF:src\store\slices\ui\uiSlice.ts
FN:15,onOpenErrorMessage
FN:19,onCloseErrorMessage
FNF:2
FNH:0
FNDA:0,onOpenErrorMessage
FNDA:0,onCloseErrorMessage
DA:1,1
DA:2,1
DA:3,1
DA:4,1
DA:5,1
DA:6,1
DA:7,1
DA:8,1
DA:9,1
DA:10,1
DA:11,1
DA:12,1
DA:13,1
DA:14,1
DA:15,1
DA:16,0
DA:17,0
DA:18,1
DA:19,1
DA:20,0
DA:21,0
DA:22,0
DA:23,1
DA:24,1
DA:25,1
DA:26,1
DA:27,1
DA:28,1
DA:29,1
LF:29
LH:24
BRF:0
BRH:0
end_of_record
TN:
SF:tests\__fixtures__\auth-states.ts
FNF:0
FNH:0
DA:1,1
DA:2,1
DA:3,1
DA:4,1
DA:5,1
DA:6,1
DA:7,1
DA:8,1
DA:9,1
DA:10,1
DA:11,1
DA:12,1
DA:13,1
DA:14,1
DA:15,1
DA:16,1
DA:17,1
DA:18,1
DA:19,1
DA:20,1
DA:21,1
LF:21
LH:21
BRF:0
BRH:0
end_of_record
TN:
SF:tests\__fixtures__\testUser.ts
FNF:0
FNH:0
DA:1,1
DA:2,1
DA:3,1
DA:4,1
DA:5,1
DA:6,1
DA:7,1
DA:8,1
DA:9,1
DA:10,1
LF:10
LH:10
BRF:0
BRH:0
end_of_record
